<?xml version="1.0" encoding="UTF-8"?>
<testsuite xmlns:xsi="http://www.w3.org/2001/XMLSchema-instance" xsi:schemaLocation="https://maven.apache.org/surefire/maven-surefire-plugin/xsd/surefire-test-report.xsd" name="TestSuite" time="24.108" tests="4" errors="0" skipped="0" failures="0">
  <properties>
[...]
</properties>
  <testcase name="firtsTest" classname="Project.SeleniumAll.FKTest" time="3.93"/>
  <testcase name="firtsTest" classname="Project.SeleniumAll.FKTest" time="4.704"/>
  <testcase name="secondTest" classname="Project.SeleniumAll.FKTest" time="0.274"/>
  <testcase name="secondTest" classname="Project.SeleniumAll.FKTest" time="0.809"/>
</testsuite>