<?xml version="1.0" encoding="UTF-8"?>
<testng-results skipped="0" failed="1" total="2" passed="1">
  <reporter-output>
  </reporter-output>
  <suite name="Use Cases" duration-ms="1004" started-at="2016-06-30T12:04:45Z" finished-at="2016-06-30T12:04:46Z">
    <groups>
    </groups>
    <test name="chromeTest" duration-ms="1004" started-at="2016-06-30T12:04:45Z" finished-at="2016-06-30T12:04:46Z">
      <class name="Project.SeleniumAll.FKTest">
        <test-method status="PASS" signature="setup()[pri:0, instance:Project.SeleniumAll.FKTest@2a5ca609]" name="setup" is-config="true" duration-ms="225" started-at="2016-06-30T17:34:45Z" finished-at="2016-06-30T17:34:45Z">
          <reporter-output>
          </reporter-output>
        </test-method> <!-- setup -->
        <test-method status="PASS" signature="secondTest()[pri:0, instance:Project.SeleniumAll.FKTest@2a5ca609]" name="secondTest" duration-ms="16" started-at="2016-06-30T17:34:45Z" finished-at="2016-06-30T17:34:45Z">
          <reporter-output>
          </reporter-output>
        </test-method> <!-- secondTest -->
        <test-method status="PASS" signature="tearDown()[pri:0, instance:Project.SeleniumAll.FKTest@2a5ca609]" name="tearDown" is-config="true" duration-ms="452" started-at="2016-06-30T17:34:45Z" finished-at="2016-06-30T17:34:45Z">
          <reporter-output>
          </reporter-output>
        </test-method> <!-- tearDown -->
        <test-method status="PASS" signature="setup()[pri:0, instance:Project.SeleniumAll.FKTest@2a5ca609]" name="setup" is-config="true" duration-ms="22" started-at="2016-06-30T17:34:46Z" finished-at="2016-06-30T17:34:46Z">
          <reporter-output>
          </reporter-output>
        </test-method> <!-- setup -->
        <test-method status="FAIL" signature="firtsTest(java.lang.String, java.lang.String)[pri:0, instance:Project.SeleniumAll.FKTest@2a5ca609]" name="firtsTest" duration-ms="6" started-at="2016-06-30T17:34:46Z" data-provider="item" finished-at="2016-06-30T17:34:46Z">
          <params>
            <param index="0">
              <value>
                <![CDATA[Hi]]>
              </value>
            </param>
            <param index="1">
              <value>
                <![CDATA[perfumes]]>
              </value>
            </param>
          </params>
          <exception class="java.lang.NullPointerException">
            <full-stacktrace>
              <![CDATA[java.lang.NullPointerException
	at Project.SeleniumAll.FKTest.firtsTest(FKTest.java:67)
	at sun.reflect.NativeMethodAccessorImpl.invoke0(Native Method)
	at sun.reflect.NativeMethodAccessorImpl.invoke(Unknown Source)
	at sun.reflect.DelegatingMethodAccessorImpl.invoke(Unknown Source)
	at java.lang.reflect.Method.invoke(Unknown Source)
	at org.testng.internal.MethodInvocationHelper.invokeMethod(MethodInvocationHelper.java:80)
	at org.testng.internal.Invoker.invokeMethod(Invoker.java:714)
	at org.testng.internal.Invoker.invokeTestMethod(Invoker.java:901)
	at org.testng.internal.Invoker.invokeTestMethods(Invoker.java:1231)
	at org.testng.internal.TestMethodWorker.invokeTestMethods(TestMethodWorker.java:127)
	at org.testng.internal.TestMethodWorker.run(TestMethodWorker.java:111)
	at java.util.concurrent.ThreadPoolExecutor.runWorker(Unknown Source)
	at java.util.concurrent.ThreadPoolExecutor$Worker.run(Unknown Source)
	at java.lang.Thread.run(Unknown Source)
]]>
            </full-stacktrace>
          </exception> <!-- java.lang.NullPointerException -->
          <reporter-output>
          </reporter-output>
        </test-method> <!-- firtsTest -->
        <test-method status="PASS" signature="tearDown()[pri:0, instance:Project.SeleniumAll.FKTest@2a5ca609]" name="tearDown" is-config="true" duration-ms="84" started-at="2016-06-30T17:34:46Z" finished-at="2016-06-30T17:34:46Z">
          <reporter-output>
          </reporter-output>
        </test-method> <!-- tearDown -->
      </class> <!-- Project.SeleniumAll.FKTest -->
    </test> <!-- chromeTest -->
  </suite> <!-- Use Cases -->
</testng-results>
