<?xml version="1.0" encoding="UTF-8"?>
<!-- Generated by org.testng.reporters.JUnitXMLReporter -->
<testsuite hostname="XE-T-ABHIMANIU" name="chromeTest" tests="2" failures="1" timestamp="30 Jun 2016 12:04:46 GMT" time="1.004" errors="0">
  <testcase name="secondTest" time="0.016" classname="Project.SeleniumAll.FKTest"/>
  <testcase name="firtsTest" time="0.006" classname="Project.SeleniumAll.FKTest">
    <failure type="java.lang.NullPointerException">
      <![CDATA[java.lang.NullPointerException
	at Project.SeleniumAll.FKTest.firtsTest(FKTest.java:67)
	at java.util.concurrent.ThreadPoolExecutor.runWorker(Unknown Source)
	at java.util.concurrent.ThreadPoolExecutor$Worker.run(Unknown Source)
	at java.lang.Thread.run(Unknown Source)
... Removed 10 stack frames]]>
    </failure>
  </testcase> <!-- firtsTest -->
</testsuite> <!-- chromeTest -->
